<?xml version="1.0" encoding="UTF-8"?>
<testsuite xmlns:xsi="http://www.w3.org/2001/XMLSchema-instance" xsi:noNamespaceSchemaLocation="https://maven.apache.org/surefire/maven-surefire-plugin/xsd/surefire-test-report.xsd" version="3.0.1" name="com.auth.AuthServiceTest" time="0.03" tests="4" errors="0" skipped="0" failures="0">
  <properties>
[...]
</properties>
  <testcase name="testWrongCredentials" classname="com.auth.AuthServiceTest" time="0.013"/>
  <testcase name="testValidLogin" classname="com.auth.AuthServiceTest" time="0.001"/>
  <testcase name="testInvalidPasswordFormat" classname="com.auth.AuthServiceTest" time="0.001">
    <system-out><![CDATA[Invalid password format!
]]></system-out>
  </testcase>
  <testcase name="testAccountLockAfterThreeAttempts" classname="com.auth.AuthServiceTest" time="0.001">
    <system-out><![CDATA[Account locked after 3 failed attempts!
]]></system-out>
  </testcase>
</testsuite>